Base path: C:/Program Files/Unity/Editor/Data
Cmd: initializeCompiler
Cmd: compileComputeKernel
  error: 1 plat 4 at AnchorParticle.compute(96): signed/unsigned mismatch, unsigned assumed
  api=4 insize=2307 outsize=1145 ok=1
Cmd: initializeCompiler
Cmd: initializeCompiler
Cmd: initializeCompiler
Cmd: initializeCompiler
Cmd: initializeCompiler
Cmd: initializeCompiler
Cmd: initializeCompiler
Cmd: initializeCompiler
Cmd: initializeCompiler
Cmd: initializeCompiler
Cmd: initializeCompiler
Cmd: initializeCompiler
Cmd: initializeCompiler
Cmd: compileComputeKernel
  error: 1 plat 4 at AnchorParticle.compute(96): signed/unsigned mismatch, unsigned assumed
  api=4 insize=2344 outsize=1673 ok=1
Cmd: compileComputeKernel
  error: 2 plat 4 at AnchorParticle.compute(81): 'min': no matching 3 parameter intrinsic function; Possible intrinsic functions are: min(float|half|double|min10float|min16float|int|uint|min12int|min16int|min16uint, float|half|double|min10float|min16float|int|uint|min12int|min16int|min16uint)
  api=4 insize=2354 outsize=0 ok=0
Cmd: compileComputeKernel
  error: 1 plat 4 at AnchorParticle.compute(96): signed/unsigned mismatch, unsigned assumed
  api=4 insize=2353 outsize=1669 ok=1
Cmd: initializeCompiler
Cmd: initializeCompiler
Cmd: initializeCompiler
