Base path: /Applications/Unity/Unity.app/Contents
Cmd: initializeCompiler
Cmd: compileComputeKernel
  error: 1 plat 14 at SpawnParticleTransfer.compute(38): integer divides may be much slower, try using uints if possible.
  error: 1 plat 14 at SpawnParticleTransfer.compute(49): integer modulus may be much slower, try using uints if possible.
  error: 1 plat 14 at SpawnParticleTransfer.compute(50): integer modulus may be much slower, try using uints if possible.
  error: 1 plat 14 at SpawnParticleTransfer.compute(51): integer divides may be much slower, try using uints if possible.
  error: 1 plat 14 at SpawnParticleTransfer.compute(53): implicit truncation of vector type
  error: 1 plat 14 at SpawnParticleTransfer.compute(54): implicit truncation of vector type
  error: 1 plat 14 at SpawnParticleTransfer.compute(55): implicit truncation of vector type
  api=14 insize=1367 outsize=2141 ok=1
Cmd: translateComputeKernel
  api=14 insize=2141 outsize=3333 ok=1
Cmd: initializeCompiler
Cmd: initializeCompiler
Cmd: initializeCompiler
Cmd: initializeCompiler
Cmd: compileComputeKernel
  api=14 insize=414 outsize=753 ok=1
Cmd: translateComputeKernel
  api=14 insize=753 outsize=789 ok=1
Cmd: initializeCompiler
Cmd: initializeCompiler
Cmd: initializeCompiler
Cmd: initializeCompiler
Cmd: initializeCompiler
Cmd: initializeCompiler
Cmd: initializeCompiler
Cmd: initializeCompiler
Cmd: initializeCompiler
Cmd: initializeCompiler
Cmd: initializeCompiler
Cmd: initializeCompiler
Cmd: initializeCompiler
Cmd: initializeCompiler
Cmd: initializeCompiler
Cmd: initializeCompiler
Cmd: initializeCompiler
Cmd: initializeCompiler
Cmd: initializeCompiler
Cmd: initializeCompiler
Cmd: initializeCompiler
Cmd: initializeCompiler
Cmd: initializeCompiler
Cmd: initializeCompiler
Cmd: initializeCompiler
Cmd: initializeCompiler
Cmd: initializeCompiler
Cmd: initializeCompiler
Cmd: initializeCompiler
Cmd: initializeCompiler
Cmd: initializeCompiler
Cmd: initializeCompiler
Cmd: initializeCompiler
Cmd: initializeCompiler
Cmd: initializeCompiler
Cmd: initializeCompiler
Cmd: initializeCompiler
Cmd: translateComputeKernel
  api=14 insize=2661 outsize=3217 ok=1
Cmd: translateComputeKernel
  api=14 insize=2661 outsize=3217 ok=1

Quitting shader compiler process
